<?xml version="1.0" encoding="UTF-8"?>
<!-- Generated by org.testng.reporters.JUnitXMLReporter -->
<testsuite ignored="0" hostname="DESKTOP-9AI69QT" failures="0" tests="4" name="PreLoginValidationTest" time="8.027" errors="0" timestamp="2025-11-12T21:12:07 IST">
  <testcase classname="pom.hrm.tests.forgetPassword.ForgetPasswordPageVerificationTest" name="navigateToForgetPassword" time="1.446"/>
  <testcase classname="pom.hrm.tests.forgetPassword.ForgetPasswordPageVerificationTest" name="verifyResetPasswordLandingPagelabels" time="0.433"/>
  <testcase classname="pom.hrm.tests.forgetPassword.ForgetPasswordPageVerificationTest" name="verifyWithNewUsername" time="0.147"/>
  <testcase classname="pom.hrm.tests.forgetPassword.ForgetPasswordPageVerificationTest" name="verifyResetPasswordsuccessRequestPagelabels" time="0.001"/>
</testsuite> <!-- PreLoginValidationTest -->
