<?xml version="1.0" encoding="UTF-8"?>
<!-- Generated by org.testng.reporters.JUnitXMLReporter -->
<testsuite ignored="0" hostname="DESKTOP-9AI69QT" failures="0" tests="2" name="PreLoginValidationTest" time="24.673" errors="0" timestamp="2025-11-03T22:09:20 IST">
  <testcase classname="pom.hrm.tests.Login.LoginPageValidationTest" name="verifyLoginPageValidations" time="2.537"/>
  <testcase classname="pom.hrm.tests.Login.LoginPageValidationTest" name="verifyLoginPageValidations" time="1.484"/>
</testsuite> <!-- PreLoginValidationTest -->
