<?xml version="1.0" encoding="UTF-8"?>
<!-- Generated by org.testng.reporters.JUnitXMLReporter -->
<testsuite ignored="0" hostname="DESKTOP-9AI69QT" failures="0" tests="2" name="Default test" time="27.053" errors="0" timestamp="2025-10-27T22:10:16 IST">
  <testcase classname="pom.hrm.tests.Login.LoginPageValidations" name="loginWithInvalidCredentials" time="3.651"/>
  <testcase classname="pom.hrm.tests.Login.LoginPageValidations" name="loginWithInvalidCredentials" time="1.741"/>
</testsuite> <!-- Default test -->
