<?xml version="1.0" encoding="UTF-8"?>
<testng-results ignored="0" total="1" passed="1" failed="0" skipped="0">
  <reporter-output>
  </reporter-output>
  <suite started-at="2025-08-30T18:03:30 IST" name="Login" finished-at="2025-08-30T18:03:36 IST" duration-ms="6077">
    <groups>
    </groups>
    <test started-at="2025-08-30T18:03:30 IST" name="Login Tests" finished-at="2025-08-30T18:03:36 IST" duration-ms="6077">
      <class name="pom.hrm.tests.Login.LoginTest">
        <test-method is-config="true" signature="setUp()[pri:0, instance:pom.hrm.tests.Login.LoginTest@6200f9cb]" started-at="2025-08-30T18:03:30 IST" name="setUp" finished-at="2025-08-30T18:03:35 IST" duration-ms="5165" status="PASS">
          <reporter-output>
          </reporter-output>
        </test-method> <!-- setUp -->
        <test-method signature="loginWithConfigCredentials(java.lang.String,java.lang.String)[pri:1, instance:pom.hrm.tests.Login.LoginTest@6200f9cb]" started-at="2025-08-30T18:03:35 IST" name="loginWithConfigCredentials" data-provider="configLoginData" finished-at="2025-08-30T18:03:36 IST" duration-ms="646" status="PASS">
          <params>
            <param index="0">
              <value>
                <![CDATA[Admin]]>
              </value>
            </param>
            <param index="1">
              <value>
                <![CDATA[admin123]]>
              </value>
            </param>
          </params>
          <reporter-output>
          </reporter-output>
        </test-method> <!-- loginWithConfigCredentials -->
        <test-method is-config="true" signature="cleanUp()[pri:0, instance:pom.hrm.tests.Login.LoginTest@6200f9cb]" started-at="2025-08-30T18:03:36 IST" name="cleanUp" finished-at="2025-08-30T18:03:36 IST" duration-ms="203" status="PASS">
          <reporter-output>
          </reporter-output>
        </test-method> <!-- cleanUp -->
      </class> <!-- pom.hrm.tests.Login.LoginTest -->
    </test> <!-- Login Tests -->
  </suite> <!-- Login -->
</testng-results>
