<?xml version="1.0" encoding="UTF-8"?>
<testng-results ignored="0" total="4" passed="4" failed="0" skipped="0">
  <reporter-output>
  </reporter-output>
  <suite started-at="2025-11-12T21:11:58 IST" name="PreLoginValidationSuite" finished-at="2025-11-12T21:12:06 IST" duration-ms="8027">
    <groups>
    </groups>
    <test started-at="2025-11-12T21:11:58 IST" name="PreLoginValidationTest" finished-at="2025-11-12T21:12:06 IST" duration-ms="8027">
      <class name="pom.hrm.tests.forgetPassword.ForgetPasswordPageVerificationTest">
        <test-method is-config="true" signature="setUp()[pri:0, instance:pom.hrm.tests.forgetPassword.ForgetPasswordPageVerificationTest@72d6b3ba]" started-at="2025-11-12T21:11:58 IST" name="setUp" finished-at="2025-11-12T21:12:04 IST" duration-ms="5773" status="PASS">
          <reporter-output>
          </reporter-output>
        </test-method> <!-- setUp -->
        <test-method signature="navigateToForgetPassword()[pri:-1, instance:pom.hrm.tests.forgetPassword.ForgetPasswordPageVerificationTest@72d6b3ba]" started-at="2025-11-12T21:12:04 IST" name="navigateToForgetPassword" finished-at="2025-11-12T21:12:06 IST" duration-ms="1446" status="PASS">
          <reporter-output>
          </reporter-output>
        </test-method> <!-- navigateToForgetPassword -->
        <test-method signature="verifyResetPasswordLandingPagelabels()[pri:1, instance:pom.hrm.tests.forgetPassword.ForgetPasswordPageVerificationTest@72d6b3ba]" started-at="2025-11-12T21:12:06 IST" name="verifyResetPasswordLandingPagelabels" finished-at="2025-11-12T21:12:06 IST" duration-ms="433" status="PASS">
          <reporter-output>
          </reporter-output>
        </test-method> <!-- verifyResetPasswordLandingPagelabels -->
        <test-method signature="verifyWithNewUsername()[pri:2, instance:pom.hrm.tests.forgetPassword.ForgetPasswordPageVerificationTest@72d6b3ba]" started-at="2025-11-12T21:12:06 IST" name="verifyWithNewUsername" finished-at="2025-11-12T21:12:06 IST" duration-ms="147" status="PASS">
          <reporter-output>
          </reporter-output>
        </test-method> <!-- verifyWithNewUsername -->
        <test-method signature="verifyResetPasswordsuccessRequestPagelabels()[pri:3, instance:pom.hrm.tests.forgetPassword.ForgetPasswordPageVerificationTest@72d6b3ba]" started-at="2025-11-12T21:12:06 IST" name="verifyResetPasswordsuccessRequestPagelabels" finished-at="2025-11-12T21:12:06 IST" duration-ms="1" status="PASS">
          <reporter-output>
          </reporter-output>
        </test-method> <!-- verifyResetPasswordsuccessRequestPagelabels -->
        <test-method is-config="true" signature="cleanUp()[pri:0, instance:pom.hrm.tests.forgetPassword.ForgetPasswordPageVerificationTest@72d6b3ba]" started-at="2025-11-12T21:12:06 IST" name="cleanUp" finished-at="2025-11-12T21:12:06 IST" duration-ms="181" status="PASS">
          <reporter-output>
          </reporter-output>
        </test-method> <!-- cleanUp -->
        <test-method is-config="true" signature="tearDownReport()[pri:0, instance:pom.hrm.tests.forgetPassword.ForgetPasswordPageVerificationTest@72d6b3ba]" started-at="2025-11-12T21:12:07 IST" name="tearDownReport" finished-at="2025-11-12T21:12:07 IST" duration-ms="2" status="FAIL">
          <exception class="java.lang.NullPointerException">
            <message>
              <![CDATA[Cannot invoke "com.aventstack.extentreports.ExtentReports.flush()" because "this.extent" is null]]>
            </message>
            <full-stacktrace>
              <![CDATA[java.lang.NullPointerException: Cannot invoke "com.aventstack.extentreports.ExtentReports.flush()" because "this.extent" is null
at pom.hrm.base.basePage.tearDownReport(basePage.java:121)
at java.base/jdk.internal.reflect.DirectMethodHandleAccessor.invoke(DirectMethodHandleAccessor.java:103)
at java.base/java.lang.reflect.Method.invoke(Method.java:580)
at org.testng.internal.invokers.MethodInvocationHelper.invokeMethod(MethodInvocationHelper.java:141)
at org.testng.internal.invokers.MethodInvocationHelper.invokeMethodConsideringTimeout(MethodInvocationHelper.java:71)
at org.testng.internal.invokers.ConfigInvoker.invokeConfigurationMethod(ConfigInvoker.java:400)
at org.testng.internal.invokers.ConfigInvoker.invokeConfigurations(ConfigInvoker.java:333)
at org.testng.SuiteRunner.privateRun(SuiteRunner.java:386)
at org.testng.SuiteRunner.run(SuiteRunner.java:312)
at org.testng.SuiteRunnerWorker.runSuite(SuiteRunnerWorker.java:52)
at org.testng.SuiteRunnerWorker.run(SuiteRunnerWorker.java:95)
at org.testng.TestNG.runSuitesSequentially(TestNG.java:1274)
at org.testng.TestNG.runSuitesLocally(TestNG.java:1208)
at org.testng.TestNG.runSuites(TestNG.java:1112)
at org.testng.TestNG.run(TestNG.java:1079)
at org.testng.remote.AbstractRemoteTestNG.run(AbstractRemoteTestNG.java:115)
at org.testng.remote.RemoteTestNG.initAndRun(RemoteTestNG.java:293)
at org.testng.remote.RemoteTestNG.main(RemoteTestNG.java:91)
]]>
            </full-stacktrace>
          </exception> <!-- java.lang.NullPointerException -->
          <reporter-output>
          </reporter-output>
        </test-method> <!-- tearDownReport -->
      </class> <!-- pom.hrm.tests.forgetPassword.ForgetPasswordPageVerificationTest -->
    </test> <!-- PreLoginValidationTest -->
  </suite> <!-- PreLoginValidationSuite -->
</testng-results>
