<?xml version="1.0" encoding="UTF-8"?>
<!-- Generated by org.testng.reporters.JUnitReportReporter -->
<testsuite hostname="DESKTOP-9AI69QT" failures="0" tests="2" name="pom.hrm.tests.Login.LoginPageValidationTest" time="4.462" errors="0" timestamp="2025-11-12T20:58:21 IST" skipped="0">
  <testcase classname="pom.hrm.tests.Login.LoginPageValidationTest" name="verifyLoginPageValidations" time="2.944"/>
  <testcase classname="pom.hrm.tests.Login.LoginPageValidationTest" name="verifyLoginPageValidations" time="1.518"/>
</testsuite> <!-- pom.hrm.tests.Login.LoginPageValidationTest -->
