<?xml version="1.0" encoding="UTF-8"?>
<!-- Generated by org.testng.reporters.JUnitReportReporter -->
<testsuite hostname="DESKTOP-9AI69QT" failures="0" tests="2" name="pom.hrm.tests.Login.LoginPageValidationTest" time="4.021" errors="0" timestamp="2025-11-03T22:09:20 IST" skipped="0">
  <testcase classname="pom.hrm.tests.Login.LoginPageValidationTest" name="verifyLoginPageValidations" time="2.537"/>
  <testcase classname="pom.hrm.tests.Login.LoginPageValidationTest" name="verifyLoginPageValidations" time="1.484"/>
</testsuite> <!-- pom.hrm.tests.Login.LoginPageValidationTest -->
