<?xml version="1.0" encoding="UTF-8"?>
<!-- Generated by org.testng.reporters.JUnitReportReporter -->
<testsuite hostname="DESKTOP-9AI69QT" failures="0" tests="5" name="pom.hrm.tests.forgetPassword.ForgetPasswordPageVerificationTest" time="2.029" errors="1" timestamp="2025-11-12T21:12:07 IST" skipped="0">
  <testcase classname="pom.hrm.tests.forgetPassword.ForgetPasswordPageVerificationTest" name="navigateToForgetPassword" time="1.446"/>
  <testcase classname="pom.hrm.tests.forgetPassword.ForgetPasswordPageVerificationTest" name="tearDownReport" time="0.002">
    <error message="Cannot invoke &quot;com.aventstack.extentreports.ExtentReports.flush()&quot; because &quot;this.extent&quot; is null" type="java.lang.NullPointerException">
      <![CDATA[java.lang.NullPointerException: Cannot invoke "com.aventstack.extentreports.ExtentReports.flush()" because "this.extent" is null
at pom.hrm.base.basePage.tearDownReport(basePage.java:121)
at java.base/jdk.internal.reflect.DirectMethodHandleAccessor.invoke(DirectMethodHandleAccessor.java:103)
at java.base/java.lang.reflect.Method.invoke(Method.java:580)
at org.testng.internal.invokers.MethodInvocationHelper.invokeMethod(MethodInvocationHelper.java:141)
at org.testng.internal.invokers.MethodInvocationHelper.invokeMethodConsideringTimeout(MethodInvocationHelper.java:71)
at org.testng.internal.invokers.ConfigInvoker.invokeConfigurationMethod(ConfigInvoker.java:400)
at org.testng.internal.invokers.ConfigInvoker.invokeConfigurations(ConfigInvoker.java:333)
at org.testng.SuiteRunner.privateRun(SuiteRunner.java:386)
at org.testng.SuiteRunner.run(SuiteRunner.java:312)
at org.testng.SuiteRunnerWorker.runSuite(SuiteRunnerWorker.java:52)
at org.testng.SuiteRunnerWorker.run(SuiteRunnerWorker.java:95)
at org.testng.TestNG.runSuitesSequentially(TestNG.java:1274)
at org.testng.TestNG.runSuitesLocally(TestNG.java:1208)
at org.testng.TestNG.runSuites(TestNG.java:1112)
at org.testng.TestNG.run(TestNG.java:1079)
at org.testng.remote.AbstractRemoteTestNG.run(AbstractRemoteTestNG.java:115)
at org.testng.remote.RemoteTestNG.initAndRun(RemoteTestNG.java:293)
at org.testng.remote.RemoteTestNG.main(RemoteTestNG.java:91)
]]>
    </error>
  </testcase> <!-- tearDownReport -->
  <testcase classname="pom.hrm.tests.forgetPassword.ForgetPasswordPageVerificationTest" name="verifyResetPasswordLandingPagelabels" time="0.433"/>
  <testcase classname="pom.hrm.tests.forgetPassword.ForgetPasswordPageVerificationTest" name="verifyWithNewUsername" time="0.147"/>
  <testcase classname="pom.hrm.tests.forgetPassword.ForgetPasswordPageVerificationTest" name="verifyResetPasswordsuccessRequestPagelabels" time="0.001"/>
</testsuite> <!-- pom.hrm.tests.forgetPassword.ForgetPasswordPageVerificationTest -->
